<?xml version="1.0" encoding="UTF-8"?>
<testng-results ignored="0" total="14" passed="13" failed="1" skipped="0">
  <reporter-output>
  </reporter-output>
  <suite started-at="2024-12-04T14:07:44 SGT" name="Default suite" finished-at="2024-12-04T14:08:07 SGT" duration-ms="22359">
    <groups>
    </groups>
    <test started-at="2024-12-04T14:07:44 SGT" name="Default test" finished-at="2024-12-04T14:08:07 SGT" duration-ms="22359">
      <class name="ToDoAssessment.TodoTestCases">
        <test-method is-config="true" signature="setUp()[pri:0, instance:ToDoAssessment.TodoTestCases@548a24a]" started-at="2024-12-04T14:07:44 SGT" name="setUp" finished-at="2024-12-04T14:07:46 SGT" duration-ms="1571" status="PASS">
          <reporter-output>
          </reporter-output>
        </test-method> <!-- setUp -->
        <test-method signature="VerifyDestroyButton()[pri:0, instance:ToDoAssessment.TodoTestCases@548a24a]" started-at="2024-12-04T14:07:46 SGT" name="VerifyDestroyButton" finished-at="2024-12-04T14:07:46 SGT" duration-ms="599" status="PASS">
          <reporter-output>
          </reporter-output>
        </test-method> <!-- VerifyDestroyButton -->
        <test-method is-config="true" signature="tearDown()[pri:0, instance:ToDoAssessment.TodoTestCases@548a24a]" started-at="2024-12-04T14:07:46 SGT" name="tearDown" finished-at="2024-12-04T14:07:47 SGT" duration-ms="116" status="PASS">
          <reporter-output>
          </reporter-output>
        </test-method> <!-- tearDown -->
        <test-method is-config="true" signature="setUp()[pri:0, instance:ToDoAssessment.TodoTestCases@548a24a]" started-at="2024-12-04T14:07:47 SGT" name="setUp" finished-at="2024-12-04T14:07:48 SGT" duration-ms="1021" status="PASS">
          <reporter-output>
          </reporter-output>
        </test-method> <!-- setUp -->
        <test-method signature="addTodo()[pri:0, instance:ToDoAssessment.TodoTestCases@548a24a]" started-at="2024-12-04T14:07:48 SGT" name="addTodo" finished-at="2024-12-04T14:07:48 SGT" duration-ms="377" status="PASS">
          <reporter-output>
          </reporter-output>
        </test-method> <!-- addTodo -->
        <test-method is-config="true" signature="tearDown()[pri:0, instance:ToDoAssessment.TodoTestCases@548a24a]" started-at="2024-12-04T14:07:48 SGT" name="tearDown" finished-at="2024-12-04T14:07:48 SGT" duration-ms="100" status="PASS">
          <reporter-output>
          </reporter-output>
        </test-method> <!-- tearDown -->
        <test-method is-config="true" signature="setUp()[pri:0, instance:ToDoAssessment.TodoTestCases@548a24a]" started-at="2024-12-04T14:07:48 SGT" name="setUp" finished-at="2024-12-04T14:07:49 SGT" duration-ms="1001" status="PASS">
          <reporter-output>
          </reporter-output>
        </test-method> <!-- setUp -->
        <test-method signature="editExistingTodo()[pri:0, instance:ToDoAssessment.TodoTestCases@548a24a]" started-at="2024-12-04T14:07:49 SGT" name="editExistingTodo" finished-at="2024-12-04T14:07:50 SGT" duration-ms="639" status="PASS">
          <reporter-output>
          </reporter-output>
        </test-method> <!-- editExistingTodo -->
        <test-method is-config="true" signature="tearDown()[pri:0, instance:ToDoAssessment.TodoTestCases@548a24a]" started-at="2024-12-04T14:07:50 SGT" name="tearDown" finished-at="2024-12-04T14:07:50 SGT" duration-ms="119" status="PASS">
          <reporter-output>
          </reporter-output>
        </test-method> <!-- tearDown -->
        <test-method is-config="true" signature="setUp()[pri:0, instance:ToDoAssessment.TodoTestCases@548a24a]" started-at="2024-12-04T14:07:50 SGT" name="setUp" finished-at="2024-12-04T14:07:51 SGT" duration-ms="1022" status="PASS">
          <reporter-output>
          </reporter-output>
        </test-method> <!-- setUp -->
        <test-method signature="emptyTodo()[pri:0, instance:ToDoAssessment.TodoTestCases@548a24a]" started-at="2024-12-04T14:07:51 SGT" name="emptyTodo" finished-at="2024-12-04T14:07:51 SGT" duration-ms="50" status="PASS">
          <reporter-output>
          </reporter-output>
        </test-method> <!-- emptyTodo -->
        <test-method is-config="true" signature="tearDown()[pri:0, instance:ToDoAssessment.TodoTestCases@548a24a]" started-at="2024-12-04T14:07:51 SGT" name="tearDown" finished-at="2024-12-04T14:07:51 SGT" duration-ms="106" status="PASS">
          <reporter-output>
          </reporter-output>
        </test-method> <!-- tearDown -->
        <test-method is-config="true" signature="setUp()[pri:0, instance:ToDoAssessment.TodoTestCases@548a24a]" started-at="2024-12-04T14:07:51 SGT" name="setUp" finished-at="2024-12-04T14:07:52 SGT" duration-ms="996" status="PASS">
          <reporter-output>
          </reporter-output>
        </test-method> <!-- setUp -->
        <test-method signature="persistToDos()[pri:0, instance:ToDoAssessment.TodoTestCases@548a24a]" started-at="2024-12-04T14:07:52 SGT" name="persistToDos" finished-at="2024-12-04T14:07:52 SGT" duration-ms="418" status="FAIL">
          <exception class="java.lang.AssertionError">
            <message>
              <![CDATA[Todos list not persisted after refresh expected [0] but found [2]]]>
            </message>
            <full-stacktrace>
              <![CDATA[java.lang.AssertionError: Todos list not persisted after refresh expected [0] but found [2]
at org.testng.Assert.fail(Assert.java:111)
at org.testng.Assert.failNotEquals(Assert.java:1578)
at org.testng.Assert.assertEqualsImpl(Assert.java:150)
at org.testng.Assert.assertEquals(Assert.java:132)
at org.testng.Assert.assertEquals(Assert.java:1419)
at org.testng.Assert.assertEquals(Assert.java:1383)
at ToDoAssessment.TodoTestCases.persistToDos(TodoTestCases.java:268)
at java.base/jdk.internal.reflect.DirectMethodHandleAccessor.invoke(DirectMethodHandleAccessor.java:103)
at java.base/java.lang.reflect.Method.invoke(Method.java:580)
at org.testng.internal.invokers.MethodInvocationHelper.invokeMethod(MethodInvocationHelper.java:141)
at org.testng.internal.invokers.TestInvoker.invokeMethod(TestInvoker.java:686)
at org.testng.internal.invokers.TestInvoker.invokeTestMethod(TestInvoker.java:230)
at org.testng.internal.invokers.MethodRunner.runInSequence(MethodRunner.java:63)
at org.testng.internal.invokers.TestInvoker$MethodInvocationAgent.invoke(TestInvoker.java:992)
at org.testng.internal.invokers.TestInvoker.invokeTestMethods(TestInvoker.java:203)
at org.testng.internal.invokers.TestMethodWorker.invokeTestMethods(TestMethodWorker.java:154)
at org.testng.internal.invokers.TestMethodWorker.run(TestMethodWorker.java:134)
at java.base/java.util.ArrayList.forEach(ArrayList.java:1597)
at org.testng.TestRunner.privateRun(TestRunner.java:739)
at org.testng.TestRunner.run(TestRunner.java:614)
at org.testng.SuiteRunner.runTest(SuiteRunner.java:421)
at org.testng.SuiteRunner.runSequentially(SuiteRunner.java:413)
at org.testng.SuiteRunner.privateRun(SuiteRunner.java:373)
at org.testng.SuiteRunner.run(SuiteRunner.java:312)
at org.testng.SuiteRunnerWorker.runSuite(SuiteRunnerWorker.java:52)
at org.testng.SuiteRunnerWorker.run(SuiteRunnerWorker.java:95)
at org.testng.TestNG.runSuitesSequentially(TestNG.java:1274)
at org.testng.TestNG.runSuitesLocally(TestNG.java:1208)
at org.testng.TestNG.runSuites(TestNG.java:1112)
at org.testng.TestNG.run(TestNG.java:1079)
at org.testng.remote.AbstractRemoteTestNG.run(AbstractRemoteTestNG.java:115)
at org.testng.remote.RemoteTestNG.initAndRun(RemoteTestNG.java:293)
at org.testng.remote.RemoteTestNG.main(RemoteTestNG.java:91)
]]>
            </full-stacktrace>
          </exception> <!-- java.lang.AssertionError -->
          <reporter-output>
          </reporter-output>
        </test-method> <!-- persistToDos -->
        <test-method is-config="true" signature="tearDown()[pri:0, instance:ToDoAssessment.TodoTestCases@548a24a]" started-at="2024-12-04T14:07:52 SGT" name="tearDown" finished-at="2024-12-04T14:07:53 SGT" duration-ms="117" status="PASS">
          <reporter-output>
          </reporter-output>
        </test-method> <!-- tearDown -->
        <test-method is-config="true" signature="setUp()[pri:0, instance:ToDoAssessment.TodoTestCases@548a24a]" started-at="2024-12-04T14:07:53 SGT" name="setUp" finished-at="2024-12-04T14:07:54 SGT" duration-ms="1024" status="PASS">
          <reporter-output>
          </reporter-output>
        </test-method> <!-- setUp -->
        <test-method signature="verifyActive()[pri:0, instance:ToDoAssessment.TodoTestCases@548a24a]" started-at="2024-12-04T14:07:54 SGT" name="verifyActive" finished-at="2024-12-04T14:07:54 SGT" duration-ms="578" status="PASS">
          <reporter-output>
          </reporter-output>
        </test-method> <!-- verifyActive -->
        <test-method is-config="true" signature="tearDown()[pri:0, instance:ToDoAssessment.TodoTestCases@548a24a]" started-at="2024-12-04T14:07:54 SGT" name="tearDown" finished-at="2024-12-04T14:07:54 SGT" duration-ms="110" status="PASS">
          <reporter-output>
          </reporter-output>
        </test-method> <!-- tearDown -->
        <test-method is-config="true" signature="setUp()[pri:0, instance:ToDoAssessment.TodoTestCases@548a24a]" started-at="2024-12-04T14:07:54 SGT" name="setUp" finished-at="2024-12-04T14:07:55 SGT" duration-ms="1000" status="PASS">
          <reporter-output>
          </reporter-output>
        </test-method> <!-- setUp -->
        <test-method signature="verifyAll()[pri:0, instance:ToDoAssessment.TodoTestCases@548a24a]" started-at="2024-12-04T14:07:55 SGT" name="verifyAll" finished-at="2024-12-04T14:07:56 SGT" duration-ms="481" status="PASS">
          <reporter-output>
          </reporter-output>
        </test-method> <!-- verifyAll -->
        <test-method is-config="true" signature="tearDown()[pri:0, instance:ToDoAssessment.TodoTestCases@548a24a]" started-at="2024-12-04T14:07:56 SGT" name="tearDown" finished-at="2024-12-04T14:07:56 SGT" duration-ms="128" status="PASS">
          <reporter-output>
          </reporter-output>
        </test-method> <!-- tearDown -->
        <test-method is-config="true" signature="setUp()[pri:0, instance:ToDoAssessment.TodoTestCases@548a24a]" started-at="2024-12-04T14:07:56 SGT" name="setUp" finished-at="2024-12-04T14:07:57 SGT" duration-ms="1005" status="PASS">
          <reporter-output>
          </reporter-output>
        </test-method> <!-- setUp -->
        <test-method signature="verifyCompleted()[pri:0, instance:ToDoAssessment.TodoTestCases@548a24a]" started-at="2024-12-04T14:07:57 SGT" name="verifyCompleted" finished-at="2024-12-04T14:07:57 SGT" duration-ms="516" status="PASS">
          <reporter-output>
          </reporter-output>
        </test-method> <!-- verifyCompleted -->
        <test-method is-config="true" signature="tearDown()[pri:0, instance:ToDoAssessment.TodoTestCases@548a24a]" started-at="2024-12-04T14:07:57 SGT" name="tearDown" finished-at="2024-12-04T14:07:57 SGT" duration-ms="119" status="PASS">
          <reporter-output>
          </reporter-output>
        </test-method> <!-- tearDown -->
        <test-method is-config="true" signature="setUp()[pri:0, instance:ToDoAssessment.TodoTestCases@548a24a]" started-at="2024-12-04T14:07:57 SGT" name="setUp" finished-at="2024-12-04T14:07:58 SGT" duration-ms="985" status="PASS">
          <reporter-output>
          </reporter-output>
        </test-method> <!-- setUp -->
        <test-method signature="verifyCompletedPageAfterClearCompleted()[pri:0, instance:ToDoAssessment.TodoTestCases@548a24a]" started-at="2024-12-04T14:07:58 SGT" name="verifyCompletedPageAfterClearCompleted" finished-at="2024-12-04T14:07:59 SGT" duration-ms="540" status="PASS">
          <reporter-output>
          </reporter-output>
        </test-method> <!-- verifyCompletedPageAfterClearCompleted -->
        <test-method is-config="true" signature="tearDown()[pri:0, instance:ToDoAssessment.TodoTestCases@548a24a]" started-at="2024-12-04T14:07:59 SGT" name="tearDown" finished-at="2024-12-04T14:07:59 SGT" duration-ms="125" status="PASS">
          <reporter-output>
          </reporter-output>
        </test-method> <!-- tearDown -->
        <test-method is-config="true" signature="setUp()[pri:0, instance:ToDoAssessment.TodoTestCases@548a24a]" started-at="2024-12-04T14:07:59 SGT" name="setUp" finished-at="2024-12-04T14:08:00 SGT" duration-ms="980" status="PASS">
          <reporter-output>
          </reporter-output>
        </test-method> <!-- setUp -->
        <test-method signature="verifyEditInput()[pri:0, instance:ToDoAssessment.TodoTestCases@548a24a]" started-at="2024-12-04T14:08:00 SGT" name="verifyEditInput" finished-at="2024-12-04T14:08:00 SGT" duration-ms="220" status="PASS">
          <reporter-output>
          </reporter-output>
        </test-method> <!-- verifyEditInput -->
        <test-method is-config="true" signature="tearDown()[pri:0, instance:ToDoAssessment.TodoTestCases@548a24a]" started-at="2024-12-04T14:08:00 SGT" name="tearDown" finished-at="2024-12-04T14:08:00 SGT" duration-ms="125" status="PASS">
          <reporter-output>
          </reporter-output>
        </test-method> <!-- tearDown -->
        <test-method is-config="true" signature="setUp()[pri:0, instance:ToDoAssessment.TodoTestCases@548a24a]" started-at="2024-12-04T14:08:00 SGT" name="setUp" finished-at="2024-12-04T14:08:01 SGT" duration-ms="992" status="PASS">
          <reporter-output>
          </reporter-output>
        </test-method> <!-- setUp -->
        <test-method signature="verifyEnteredTaskwithList()[pri:0, instance:ToDoAssessment.TodoTestCases@548a24a]" started-at="2024-12-04T14:08:01 SGT" name="verifyEnteredTaskwithList" finished-at="2024-12-04T14:08:02 SGT" duration-ms="233" status="PASS">
          <reporter-output>
          </reporter-output>
        </test-method> <!-- verifyEnteredTaskwithList -->
        <test-method is-config="true" signature="tearDown()[pri:0, instance:ToDoAssessment.TodoTestCases@548a24a]" started-at="2024-12-04T14:08:02 SGT" name="tearDown" finished-at="2024-12-04T14:08:02 SGT" duration-ms="105" status="PASS">
          <reporter-output>
          </reporter-output>
        </test-method> <!-- tearDown -->
        <test-method is-config="true" signature="setUp()[pri:0, instance:ToDoAssessment.TodoTestCases@548a24a]" started-at="2024-12-04T14:08:02 SGT" name="setUp" finished-at="2024-12-04T14:08:03 SGT" duration-ms="1046" status="PASS">
          <reporter-output>
          </reporter-output>
        </test-method> <!-- setUp -->
        <test-method signature="verifyMainPageAfterClearCompleted()[pri:0, instance:ToDoAssessment.TodoTestCases@548a24a]" started-at="2024-12-04T14:08:03 SGT" name="verifyMainPageAfterClearCompleted" finished-at="2024-12-04T14:08:03 SGT" duration-ms="468" status="PASS">
          <reporter-output>
          </reporter-output>
        </test-method> <!-- verifyMainPageAfterClearCompleted -->
        <test-method is-config="true" signature="tearDown()[pri:0, instance:ToDoAssessment.TodoTestCases@548a24a]" started-at="2024-12-04T14:08:03 SGT" name="tearDown" finished-at="2024-12-04T14:08:03 SGT" duration-ms="136" status="PASS">
          <reporter-output>
          </reporter-output>
        </test-method> <!-- tearDown -->
        <test-method is-config="true" signature="setUp()[pri:0, instance:ToDoAssessment.TodoTestCases@548a24a]" started-at="2024-12-04T14:08:03 SGT" name="setUp" finished-at="2024-12-04T14:08:04 SGT" duration-ms="990" status="PASS">
          <reporter-output>
          </reporter-output>
        </test-method> <!-- setUp -->
        <test-method signature="verifySelectDownArrowButton()[pri:0, instance:ToDoAssessment.TodoTestCases@548a24a]" started-at="2024-12-04T14:08:04 SGT" name="verifySelectDownArrowButton" finished-at="2024-12-04T14:08:05 SGT" duration-ms="437" status="PASS">
          <reporter-output>
          </reporter-output>
        </test-method> <!-- verifySelectDownArrowButton -->
        <test-method is-config="true" signature="tearDown()[pri:0, instance:ToDoAssessment.TodoTestCases@548a24a]" started-at="2024-12-04T14:08:05 SGT" name="tearDown" finished-at="2024-12-04T14:08:05 SGT" duration-ms="111" status="PASS">
          <reporter-output>
          </reporter-output>
        </test-method> <!-- tearDown -->
        <test-method is-config="true" signature="setUp()[pri:0, instance:ToDoAssessment.TodoTestCases@548a24a]" started-at="2024-12-04T14:08:05 SGT" name="setUp" finished-at="2024-12-04T14:08:06 SGT" duration-ms="1016" status="PASS">
          <reporter-output>
          </reporter-output>
        </test-method> <!-- setUp -->
        <test-method signature="verifySelectDownArrowButtonTwotimes()[pri:0, instance:ToDoAssessment.TodoTestCases@548a24a]" started-at="2024-12-04T14:08:06 SGT" name="verifySelectDownArrowButtonTwotimes" finished-at="2024-12-04T14:08:06 SGT" duration-ms="462" status="PASS">
          <reporter-output>
          </reporter-output>
        </test-method> <!-- verifySelectDownArrowButtonTwotimes -->
        <test-method is-config="true" signature="tearDown()[pri:0, instance:ToDoAssessment.TodoTestCases@548a24a]" started-at="2024-12-04T14:08:06 SGT" name="tearDown" finished-at="2024-12-04T14:08:07 SGT" duration-ms="112" status="PASS">
          <reporter-output>
          </reporter-output>
        </test-method> <!-- tearDown -->
      </class> <!-- ToDoAssessment.TodoTestCases -->
    </test> <!-- Default test -->
  </suite> <!-- Default suite -->
</testng-results>
